2025-03-27 16:48:09,365 - Algorithm: logistic
2025-03-27 16:48:09,365 - Accuracy: 0.6329
2025-03-27 16:48:09,365 - Precision: 0.6329
2025-03-27 16:48:09,365 - Recall: 0.6329
2025-03-27 16:48:09,366 - Micro Average F1 Score: 0.6329
2025-03-27 16:48:09,366 - Macro Average F1 Score: 0.5540
2025-03-27 16:48:09,366 - Training Time: 20.15 seconds
2025-03-27 16:48:09,366 - Testing Time: 0.28 seconds
2025-03-27 16:50:43,383 - Algorithm: random_forest
2025-03-27 16:50:43,383 - Accuracy: 0.6347
2025-03-27 16:50:43,383 - Precision: 0.6347
2025-03-27 16:50:43,384 - Recall: 0.6347
2025-03-27 16:50:43,384 - Micro Average F1 Score: 0.6347
2025-03-27 16:50:43,384 - Macro Average F1 Score: 0.5547
2025-03-27 16:50:43,384 - Training Time: 90.73 seconds
2025-03-27 16:50:43,384 - Testing Time: 1.90 seconds
2025-04-01 23:22:35,919 - Algorithm: logistic
2025-04-01 23:22:35,920 - Accuracy: 0.5785
2025-04-01 23:22:35,920 - Precision: 0.5785
2025-04-01 23:22:35,920 - Recall: 0.5785
2025-04-01 23:22:35,920 - Micro Average F1 Score: 0.5785
2025-04-01 23:22:35,920 - Macro Average F1 Score: 0.5753
2025-04-01 23:22:35,920 - Training Time: 13.35 seconds
2025-04-01 23:22:35,920 - Testing Time: 0.18 seconds
2025-04-01 23:23:48,895 - Algorithm: random_forest
2025-04-01 23:23:48,895 - Accuracy: 0.5790
2025-04-01 23:23:48,895 - Precision: 0.5790
2025-04-01 23:23:48,895 - Recall: 0.5790
2025-04-01 23:23:48,895 - Micro Average F1 Score: 0.5790
2025-04-01 23:23:48,895 - Macro Average F1 Score: 0.5698
2025-04-01 23:23:48,896 - Training Time: 71.29 seconds
2025-04-01 23:23:48,896 - Testing Time: 1.30 seconds
2025-04-11 01:07:22,164 - Algorithm: logistic
2025-04-11 01:07:22,191 - Accuracy: 0.5739
2025-04-11 01:07:22,191 - Precision: 0.5739
2025-04-11 01:07:22,191 - Recall: 0.5739
2025-04-11 01:07:22,191 - Micro Average F1 Score: 0.5739
2025-04-11 01:07:22,191 - Macro Average F1 Score: 0.5656
2025-04-11 01:07:22,191 - Training Time: 46.52 seconds
2025-04-11 01:07:22,191 - Testing Time: 1.30 seconds
2025-04-11 01:10:36,447 - Algorithm: random_forest
2025-04-11 01:10:36,447 - Accuracy: 0.5760
2025-04-11 01:10:36,447 - Precision: 0.5760
2025-04-11 01:10:36,447 - Recall: 0.5760
2025-04-11 01:10:36,447 - Micro Average F1 Score: 0.5760
2025-04-11 01:10:36,448 - Macro Average F1 Score: 0.5683
2025-04-11 01:10:36,448 - Training Time: 187.63 seconds
2025-04-11 01:10:36,448 - Testing Time: 4.35 seconds
