2025-04-03 01:48:58,698 INFO: Evaluating oversampling method: SMOTE
2025-04-03 01:48:58,699 INFO: MulticlassOversampling: Running multiclass oversampling with strategy eq_1_vs_many_successive
2025-04-03 01:48:58,725 INFO: MulticlassOversampling: Sampling minority class with label: 1
2025-04-03 01:48:58,740 INFO: SMOTE: Running sampling via ('SMOTE', "{'proportion': 1.0, 'n_neighbors': 5, 'nn_params': {}, 'n_jobs': 1, 'ss_params': {'n_dim': 2, 'simplex_sampling': 'random', 'within_simplex_sampling': 'random', 'gaussian_component': {}}, 'random_state': 5, 'class_name': 'SMOTE'}")
2025-04-03 01:48:58,776 INFO: NearestNeighborsWithMetricTensor: NN fitting with metric minkowski
2025-04-03 01:48:59,240 INFO: NearestNeighborsWithMetricTensor: kneighbors query minkowski
2025-04-03 02:00:11,908 INFO: SMOTE: simplex sampling with n_dim 2
2025-04-03 02:00:13,088 INFO: MulticlassOversampling: Sampling minority class with label: 2
2025-04-03 02:00:13,135 INFO: SMOTE: Running sampling via ('SMOTE', "{'proportion': 0.48903318939736173, 'n_neighbors': 5, 'nn_params': {}, 'n_jobs': 1, 'ss_params': {'n_dim': 2, 'simplex_sampling': 'random', 'within_simplex_sampling': 'random', 'gaussian_component': {}}, 'random_state': 5, 'class_name': 'SMOTE'}")
2025-04-03 02:00:13,194 INFO: NearestNeighborsWithMetricTensor: NN fitting with metric minkowski
2025-04-03 02:00:13,238 INFO: NearestNeighborsWithMetricTensor: kneighbors query minkowski
2025-04-03 02:00:22,611 INFO: SMOTE: simplex sampling with n_dim 2
2025-04-03 02:00:24,045 INFO: MulticlassOversampling: Sampling minority class with label: 0
2025-04-03 02:00:24,113 INFO: SMOTE: Running sampling via ('SMOTE', "{'proportion': 0.32942661039160337, 'n_neighbors': 5, 'nn_params': {}, 'n_jobs': 1, 'ss_params': {'n_dim': 2, 'simplex_sampling': 'random', 'within_simplex_sampling': 'random', 'gaussian_component': {}}, 'random_state': 5, 'class_name': 'SMOTE'}")
2025-04-03 02:00:24,198 INFO: NearestNeighborsWithMetricTensor: NN fitting with metric minkowski
2025-04-03 02:00:24,215 INFO: NearestNeighborsWithMetricTensor: kneighbors query minkowski
2025-04-03 02:00:25,800 INFO: SMOTE: simplex sampling with n_dim 2
2025-04-03 02:00:27,464 INFO: SMOTE: Resampled distribution: (array([0, 1, 2, 3]), array([607398, 607398, 607398, 607398]))
2025-04-03 02:01:01,847 INFO: SMOTE - Logistic Regression: Accuracy: 0.7262, Micro-average F1: 0.7262
2025-04-03 02:01:01,847 INFO: Classification Report:
              precision    recall  f1-score   support

           0       0.09      0.49      0.15      4550
           1       0.52      0.69      0.59     81490
           2       0.25      0.32      0.28     11174
           3       0.94      0.76      0.84    260314

    accuracy                           0.73    357528
   macro avg       0.45      0.56      0.47    357528
weighted avg       0.81      0.73      0.76    357528

2025-04-03 02:03:06,256 INFO: SMOTE - Random Forest: Accuracy: 0.7226, Micro-average F1: 0.7226
2025-04-03 02:03:06,256 INFO: Classification Report:
              precision    recall  f1-score   support

           0       0.08      0.49      0.14      4550
           1       0.52      0.70      0.60     81490
           2       0.24      0.32      0.28     11174
           3       0.94      0.75      0.84    260314

    accuracy                           0.72    357528
   macro avg       0.45      0.57      0.46    357528
weighted avg       0.82      0.72      0.76    357528

2025-04-03 02:03:06,256 INFO: Evaluating oversampling method: distance_SMOTE
2025-04-03 02:03:06,257 INFO: MulticlassOversampling: Running multiclass oversampling with strategy eq_1_vs_many_successive
2025-04-03 02:03:06,282 INFO: MulticlassOversampling: Sampling minority class with label: 1
2025-04-03 02:03:06,297 INFO: distance_SMOTE: Running sampling via ('distance_SMOTE', "{'proportion': 1.0, 'n_neighbors': 5, 'nn_params': {}, 'n_jobs': 1, 'ss_params': {'n_dim': 2, 'simplex_sampling': 'random', 'within_simplex_sampling': 'random', 'gaussian_component': {}}, 'random_state': 5, 'class_name': 'distance_SMOTE'}")
2025-04-03 02:03:06,331 INFO: NearestNeighborsWithMetricTensor: NN fitting with metric minkowski
2025-04-03 02:03:06,787 INFO: NearestNeighborsWithMetricTensor: kneighbors query minkowski
2025-04-03 02:13:40,661 INFO: distance_SMOTE: simplex sampling with n_dim 2
2025-04-03 02:13:41,104 INFO: MulticlassOversampling: Sampling minority class with label: 2
2025-04-03 02:13:41,150 INFO: distance_SMOTE: Running sampling via ('distance_SMOTE', "{'proportion': 0.48903318939736173, 'n_neighbors': 5, 'nn_params': {}, 'n_jobs': 1, 'ss_params': {'n_dim': 2, 'simplex_sampling': 'random', 'within_simplex_sampling': 'random', 'gaussian_component': {}}, 'random_state': 5, 'class_name': 'distance_SMOTE'}")
2025-04-03 02:13:41,207 INFO: NearestNeighborsWithMetricTensor: NN fitting with metric minkowski
2025-04-03 02:13:41,251 INFO: NearestNeighborsWithMetricTensor: kneighbors query minkowski
2025-04-03 02:13:50,632 INFO: distance_SMOTE: simplex sampling with n_dim 2
2025-04-03 02:13:51,112 INFO: MulticlassOversampling: Sampling minority class with label: 0
2025-04-03 02:13:51,175 INFO: distance_SMOTE: Running sampling via ('distance_SMOTE', "{'proportion': 0.32942661039160337, 'n_neighbors': 5, 'nn_params': {}, 'n_jobs': 1, 'ss_params': {'n_dim': 2, 'simplex_sampling': 'random', 'within_simplex_sampling': 'random', 'gaussian_component': {}}, 'random_state': 5, 'class_name': 'distance_SMOTE'}")
2025-04-03 02:13:51,259 INFO: NearestNeighborsWithMetricTensor: NN fitting with metric minkowski
2025-04-03 02:13:51,275 INFO: NearestNeighborsWithMetricTensor: kneighbors query minkowski
2025-04-03 02:13:52,864 INFO: distance_SMOTE: simplex sampling with n_dim 2
2025-04-03 02:13:53,540 INFO: distance_SMOTE: Resampled distribution: (array([0, 1, 2, 3]), array([607398, 607398, 607398, 607398]))
2025-04-03 02:14:27,365 INFO: distance_SMOTE - Logistic Regression: Accuracy: 0.7262, Micro-average F1: 0.7262
2025-04-03 02:14:27,365 INFO: Classification Report:
              precision    recall  f1-score   support

           0       0.09      0.49      0.15      4550
           1       0.52      0.69      0.59     81490
           2       0.25      0.32      0.28     11174
           3       0.94      0.76      0.84    260314

    accuracy                           0.73    357528
   macro avg       0.45      0.56      0.47    357528
weighted avg       0.81      0.73      0.76    357528

2025-04-03 02:16:25,250 INFO: distance_SMOTE - Random Forest: Accuracy: 0.7226, Micro-average F1: 0.7226
2025-04-03 02:16:25,250 INFO: Classification Report:
              precision    recall  f1-score   support

           0       0.08      0.49      0.14      4550
           1       0.52      0.70      0.60     81490
           2       0.24      0.32      0.28     11174
           3       0.94      0.75      0.84    260314

    accuracy                           0.72    357528
   macro avg       0.45      0.57      0.46    357528
weighted avg       0.82      0.72      0.76    357528

2025-04-03 02:16:25,251 INFO: Evaluating oversampling method: Borderline_SMOTE1
2025-04-03 02:16:25,251 INFO: MulticlassOversampling: Running multiclass oversampling with strategy eq_1_vs_many_successive
2025-04-03 02:16:25,277 INFO: MulticlassOversampling: Sampling minority class with label: 1
2025-04-03 02:16:25,290 INFO: Borderline_SMOTE1: Running sampling via ('Borderline_SMOTE1', "{'proportion': 1.0, 'n_neighbors': 5, 'k_neighbors': 5, 'nn_params': {}, 'n_jobs': 1, 'ss_params': {'n_dim': 2, 'simplex_sampling': 'random', 'within_simplex_sampling': 'random', 'gaussian_component': {}}, 'random_state': 5, 'class_name': 'Borderline_SMOTE1'}")
2025-04-03 02:16:25,324 INFO: NearestNeighborsWithMetricTensor: NN fitting with metric minkowski
2025-04-03 02:16:27,676 INFO: NearestNeighborsWithMetricTensor: kneighbors query minkowski
2025-04-03 02:47:11,655 INFO: NearestNeighborsWithMetricTensor: NN fitting with metric minkowski
2025-04-03 02:47:11,656 INFO: NearestNeighborsWithMetricTensor: kneighbors query minkowski
2025-04-03 02:47:11,657 INFO: Borderline_SMOTE1: simplex sampling with n_dim 2
2025-04-03 02:47:12,632 INFO: MulticlassOversampling: Sampling minority class with label: 2
2025-04-03 02:47:12,678 INFO: Borderline_SMOTE1: Running sampling via ('Borderline_SMOTE1', "{'proportion': 0.48903318939736173, 'n_neighbors': 5, 'k_neighbors': 5, 'nn_params': {}, 'n_jobs': 1, 'ss_params': {'n_dim': 2, 'simplex_sampling': 'random', 'within_simplex_sampling': 'random', 'gaussian_component': {}}, 'random_state': 5, 'class_name': 'Borderline_SMOTE1'}")
2025-04-03 02:47:12,735 INFO: NearestNeighborsWithMetricTensor: NN fitting with metric minkowski
2025-04-03 02:47:16,828 INFO: NearestNeighborsWithMetricTensor: kneighbors query minkowski
2025-04-03 02:51:06,144 INFO: NearestNeighborsWithMetricTensor: NN fitting with metric minkowski
2025-04-03 02:51:06,145 INFO: NearestNeighborsWithMetricTensor: kneighbors query minkowski
2025-04-03 02:51:06,230 INFO: Borderline_SMOTE1: simplex sampling with n_dim 2
2025-04-03 02:51:07,698 INFO: MulticlassOversampling: Sampling minority class with label: 0
2025-04-03 02:51:07,762 INFO: Borderline_SMOTE1: Running sampling via ('Borderline_SMOTE1', "{'proportion': 0.32942661039160337, 'n_neighbors': 5, 'k_neighbors': 5, 'nn_params': {}, 'n_jobs': 1, 'ss_params': {'n_dim': 2, 'simplex_sampling': 'random', 'within_simplex_sampling': 'random', 'gaussian_component': {}}, 'random_state': 5, 'class_name': 'Borderline_SMOTE1'}")
2025-04-03 02:51:07,855 INFO: NearestNeighborsWithMetricTensor: NN fitting with metric minkowski
2025-04-03 02:51:14,623 INFO: NearestNeighborsWithMetricTensor: kneighbors query minkowski
2025-04-03 02:52:20,051 INFO: NearestNeighborsWithMetricTensor: NN fitting with metric minkowski
2025-04-03 02:52:20,051 INFO: NearestNeighborsWithMetricTensor: kneighbors query minkowski
2025-04-03 02:52:20,052 INFO: Borderline_SMOTE1: simplex sampling with n_dim 2
2025-04-03 02:52:21,640 INFO: Borderline_SMOTE1: Resampled distribution: (array([0, 1, 2, 3]), array([607398, 607398, 607398, 607398]))
2025-04-03 02:53:28,763 INFO: Borderline_SMOTE1 - Logistic Regression: Accuracy: 0.7575, Micro-average F1: 0.7575
2025-04-03 02:53:28,763 INFO: Classification Report:
              precision    recall  f1-score   support

           0       0.03      0.01      0.02      4550
           1       0.51      0.77      0.61     81490
           2       0.30      0.04      0.07     11174
           3       0.90      0.80      0.85    260314

    accuracy                           0.76    357528
   macro avg       0.43      0.41      0.39    357528
weighted avg       0.78      0.76      0.76    357528

2025-04-03 02:56:30,959 INFO: Borderline_SMOTE1 - Random Forest: Accuracy: 0.7689, Micro-average F1: 0.7689
2025-04-03 02:56:30,959 INFO: Classification Report:
              precision    recall  f1-score   support

           0       0.75      0.00      0.00      4550
           1       0.54      0.58      0.56     81490
           2       0.34      0.03      0.06     11174
           3       0.84      0.87      0.86    260314

    accuracy                           0.77    357528
   macro avg       0.62      0.37      0.37    357528
weighted avg       0.76      0.77      0.75    357528

2025-04-03 02:56:30,959 INFO: Evaluating oversampling method: ADASYN
2025-04-03 02:56:30,960 INFO: MulticlassOversampling: Running multiclass oversampling with strategy eq_1_vs_many_successive
2025-04-03 02:56:30,984 INFO: MulticlassOversampling: Sampling minority class with label: 1
2025-04-03 02:56:30,998 INFO: ADASYN: Running sampling via ('ADASYN', "{'n_neighbors': 5, 'd_th': 0.9, 'beta': 1.0, 'nn_params': {}, 'n_jobs': 1, 'proportion': 1.0, 'ss_params': {'n_dim': 2, 'simplex_sampling': 'random', 'within_simplex_sampling': 'random', 'gaussian_component': {}}, 'random_state': 5, 'class_name': 'ADASYN'}")
2025-04-03 02:56:31,030 INFO: NearestNeighborsWithMetricTensor: NN fitting with metric minkowski
2025-04-03 02:56:33,329 INFO: NearestNeighborsWithMetricTensor: kneighbors query minkowski
2025-04-03 03:26:51,300 INFO: NearestNeighborsWithMetricTensor: NN fitting with metric minkowski
2025-04-03 03:26:51,744 INFO: NearestNeighborsWithMetricTensor: kneighbors query minkowski
2025-04-03 03:36:56,290 INFO: ADASYN: simplex sampling with n_dim 2
2025-04-03 03:36:57,428 INFO: MulticlassOversampling: Sampling minority class with label: 2
2025-04-03 03:36:57,474 INFO: ADASYN: Running sampling via ('ADASYN', "{'n_neighbors': 5, 'd_th': 0.9, 'beta': 0.48903318939736173, 'nn_params': {}, 'n_jobs': 1, 'proportion': 0.48903318939736173, 'ss_params': {'n_dim': 2, 'simplex_sampling': 'random', 'within_simplex_sampling': 'random', 'gaussian_component': {}}, 'random_state': 5, 'class_name': 'ADASYN'}")
2025-04-03 03:36:57,527 INFO: NearestNeighborsWithMetricTensor: NN fitting with metric minkowski
2025-04-03 03:37:01,445 INFO: NearestNeighborsWithMetricTensor: kneighbors query minkowski
2025-04-03 03:42:08,842 INFO: NearestNeighborsWithMetricTensor: NN fitting with metric minkowski
2025-04-03 03:42:08,886 INFO: NearestNeighborsWithMetricTensor: kneighbors query minkowski
2025-04-03 03:42:18,054 INFO: ADASYN: simplex sampling with n_dim 2
2025-04-03 03:42:19,446 INFO: MulticlassOversampling: Sampling minority class with label: 0
2025-04-03 03:42:19,511 INFO: ADASYN: Running sampling via ('ADASYN', "{'n_neighbors': 5, 'd_th': 0.9, 'beta': 0.32942661039160337, 'nn_params': {}, 'n_jobs': 1, 'proportion': 0.32942661039160337, 'ss_params': {'n_dim': 2, 'simplex_sampling': 'random', 'within_simplex_sampling': 'random', 'gaussian_component': {}}, 'random_state': 5, 'class_name': 'ADASYN'}")
2025-04-03 03:42:19,606 INFO: NearestNeighborsWithMetricTensor: NN fitting with metric minkowski
2025-04-03 03:42:25,617 INFO: NearestNeighborsWithMetricTensor: kneighbors query minkowski
2025-04-03 03:45:06,692 INFO: NearestNeighborsWithMetricTensor: NN fitting with metric minkowski
2025-04-03 03:45:06,708 INFO: NearestNeighborsWithMetricTensor: kneighbors query minkowski
2025-04-03 03:45:08,243 INFO: ADASYN: simplex sampling with n_dim 2
2025-04-03 03:45:09,861 INFO: ADASYN: Resampled distribution: (array([0, 1, 2, 3]), array([607398, 607398, 607398, 607398]))
2025-04-03 03:45:46,874 INFO: ADASYN - Logistic Regression: Accuracy: 0.7262, Micro-average F1: 0.7262
2025-04-03 03:45:46,874 INFO: Classification Report:
              precision    recall  f1-score   support

           0       0.09      0.49      0.15      4550
           1       0.52      0.69      0.59     81490
           2       0.25      0.32      0.28     11174
           3       0.94      0.76      0.84    260314

    accuracy                           0.73    357528
   macro avg       0.45      0.56      0.47    357528
weighted avg       0.81      0.73      0.76    357528

2025-04-03 03:47:44,397 INFO: ADASYN - Random Forest: Accuracy: 0.7220, Micro-average F1: 0.7220
2025-04-03 03:47:44,397 INFO: Classification Report:
              precision    recall  f1-score   support

           0       0.08      0.49      0.14      4550
           1       0.52      0.70      0.60     81490
           2       0.24      0.32      0.28     11174
           3       0.94      0.75      0.84    260314

    accuracy                           0.72    357528
   macro avg       0.45      0.57      0.46    357528
weighted avg       0.82      0.72      0.76    357528

2025-04-03 03:47:44,397 INFO: Evaluating oversampling method: MWMOTE
2025-04-03 03:47:44,397 INFO: MulticlassOversampling: Running multiclass oversampling with strategy eq_1_vs_many_successive
2025-04-03 03:47:44,422 INFO: MulticlassOversampling: Sampling minority class with label: 1
2025-04-03 03:47:44,436 INFO: MWMOTE: Running sampling via ('MWMOTE', "{'proportion': 1.0, 'k1': 5, 'k2': 5, 'k3': 5, 'M': 10, 'cf_th': 5.0, 'cmax': 10.0, 'nn_params': {}, 'n_jobs': 1, 'ss_params': {'n_dim': 2, 'simplex_sampling': 'random', 'within_simplex_sampling': 'random', 'gaussian_component': {}}, 'random_state': 5, 'class_name': 'MWMOTE'}")
2025-04-03 03:47:44,470 INFO: NearestNeighborsWithMetricTensor: NN fitting with metric minkowski
2025-04-03 03:47:46,806 INFO: NearestNeighborsWithMetricTensor: kneighbors query minkowski
2025-04-03 06:43:11,977 INFO: NearestNeighborsWithMetricTensor: NN fitting with metric minkowski
2025-04-03 06:43:13,718 INFO: NearestNeighborsWithMetricTensor: kneighbors query minkowski
2025-04-03 06:43:13,882 INFO: NearestNeighborsWithMetricTensor: NN fitting with metric minkowski
2025-04-03 06:43:14,317 INFO: NearestNeighborsWithMetricTensor: kneighbors query minkowski
2025-04-03 06:43:14,368 INFO: MWMOTE: computing closeness factors
2025-04-03 06:43:14,368 ERROR: Error with MWMOTE: numpy boolean subtract, the `-` operator, is not supported, use the bitwise_xor, the `^` operator, or the logical_xor function instead.
2025-04-03 06:43:14,368 INFO: Evaluating oversampling method: kmeans_SMOTE
2025-04-03 06:43:14,369 INFO: MulticlassOversampling: Running multiclass oversampling with strategy eq_1_vs_many_successive
2025-04-03 06:43:14,394 INFO: MulticlassOversampling: Sampling minority class with label: 1
2025-04-03 06:43:14,407 INFO: kmeans_SMOTE: Running sampling via ('kmeans_SMOTE', "{'proportion': 1.0, 'n_neighbors': 5, 'nn_params': {}, 'n_clusters': 10, 'irt': 2.0, 'n_jobs': 1, 'ss_params': {'n_dim': 2, 'simplex_sampling': 'random', 'within_simplex_sampling': 'random', 'gaussian_component': {}}, 'random_state': 5, 'class_name': 'kmeans_SMOTE'}")
2025-04-03 06:43:15,291 ERROR: Error with kmeans_SMOTE: numpy boolean subtract, the `-` operator, is not supported, use the bitwise_xor, the `^` operator, or the logical_xor function instead.
2025-04-03 06:43:15,292 INFO: Evaluating oversampling method: Supervised_SMOTE
2025-04-03 06:43:15,292 INFO: MulticlassOversampling: Running multiclass oversampling with strategy eq_1_vs_many_successive
2025-04-03 06:43:15,317 INFO: MulticlassOversampling: Sampling minority class with label: 1
2025-04-03 06:43:15,331 INFO: Supervised_SMOTE: Running sampling via ('Supervised_SMOTE', "{'proportion': 1.0, 'th_lower': 0.5, 'th_upper': 1.0, 'classifier': ('sklearn.ensemble', 'RandomForestClassifier', {'n_estimators': 50, 'n_jobs': 1, 'random_state': 5}), 'n_jobs': 1, 'ss_params': {'n_dim': 2, 'simplex_sampling': 'random', 'within_simplex_sampling': 'random', 'gaussian_component': {}}, 'random_state': 5, 'class_name': 'Supervised_SMOTE'}")
2025-04-03 06:43:28,218 ERROR: Error with Supervised_SMOTE: Unable to allocate 269. GiB for an array with shape (190144, 190144) and data type int64
2025-04-03 06:43:28,218 INFO: Evaluating oversampling method: SMOTE_TomekLinks
2025-04-03 06:43:28,221 INFO: MulticlassOversampling: Running multiclass oversampling with strategy eq_1_vs_many_successive
2025-04-03 06:43:28,264 INFO: MulticlassOversampling: Sampling minority class with label: 1
2025-04-03 06:43:28,282 INFO: SMOTE_TomekLinks: Running sampling via ('SMOTE_TomekLinks', "{'proportion': 1.0, 'n_neighbors': 5, 'nn_params': {}, 'ss_params': {'n_dim': 2, 'simplex_sampling': 'random', 'within_simplex_sampling': 'random', 'gaussian_component': None}, 'n_jobs': 1, 'random_state': 5, 'class_name': 'SMOTE_TomekLinks'}")
2025-04-03 06:43:28,311 INFO: SMOTE: Running sampling via ('SMOTE', "{'proportion': 1.0, 'n_neighbors': 5, 'nn_params': {'metric_tensor': None}, 'n_jobs': 1, 'ss_params': {'n_dim': 2, 'simplex_sampling': 'random', 'within_simplex_sampling': 'random', 'gaussian_component': {}}, 'random_state': 5, 'class_name': 'SMOTE'}")
2025-04-03 06:43:28,344 INFO: NearestNeighborsWithMetricTensor: NN fitting with metric minkowski
2025-04-03 06:43:28,790 INFO: NearestNeighborsWithMetricTensor: kneighbors query minkowski
2025-04-03 06:53:42,419 INFO: SMOTE: simplex sampling with n_dim 2
2025-04-03 06:53:43,485 INFO: TomekLinkRemoval: Running noise removal.
2025-04-03 06:53:43,490 INFO: NearestNeighborsWithMetricTensor: NN fitting with metric minkowski
2025-04-03 06:53:47,329 INFO: NearestNeighborsWithMetricTensor: kneighbors query minkowski
2025-04-03 12:07:02,544 INFO: MulticlassOversampling: Sampling minority class with label: 2
2025-04-03 12:07:02,589 INFO: SMOTE_TomekLinks: Running sampling via ('SMOTE_TomekLinks', "{'proportion': 0.48903318939736173, 'n_neighbors': 5, 'nn_params': {}, 'ss_params': {'n_dim': 2, 'simplex_sampling': 'random', 'within_simplex_sampling': 'random', 'gaussian_component': None}, 'n_jobs': 1, 'random_state': 5, 'class_name': 'SMOTE_TomekLinks'}")
2025-04-03 12:07:02,642 INFO: SMOTE: Running sampling via ('SMOTE', "{'proportion': 0.48903318939736173, 'n_neighbors': 5, 'nn_params': {'metric_tensor': None}, 'n_jobs': 1, 'ss_params': {'n_dim': 2, 'simplex_sampling': 'random', 'within_simplex_sampling': 'random', 'gaussian_component': {}}, 'random_state': 5, 'class_name': 'SMOTE'}")
2025-04-03 12:07:02,698 INFO: NearestNeighborsWithMetricTensor: NN fitting with metric minkowski
2025-04-03 12:07:02,741 INFO: NearestNeighborsWithMetricTensor: kneighbors query minkowski
2025-04-03 12:07:11,866 INFO: SMOTE: simplex sampling with n_dim 2
2025-04-03 12:07:13,160 INFO: TomekLinkRemoval: Running noise removal.
2025-04-03 12:07:13,243 INFO: NearestNeighborsWithMetricTensor: NN fitting with metric minkowski
2025-04-03 12:07:19,235 INFO: NearestNeighborsWithMetricTensor: kneighbors query minkowski
2025-04-03 21:19:46,736 INFO: MulticlassOversampling: Sampling minority class with label: 0
2025-04-03 21:19:46,799 INFO: SMOTE_TomekLinks: Running sampling via ('SMOTE_TomekLinks', "{'proportion': 0.32942661039160337, 'n_neighbors': 5, 'nn_params': {}, 'ss_params': {'n_dim': 2, 'simplex_sampling': 'random', 'within_simplex_sampling': 'random', 'gaussian_component': None}, 'n_jobs': 1, 'random_state': 5, 'class_name': 'SMOTE_TomekLinks'}")
2025-04-03 21:19:46,895 INFO: SMOTE: Running sampling via ('SMOTE', "{'proportion': 0.32942661039160337, 'n_neighbors': 5, 'nn_params': {'metric_tensor': None}, 'n_jobs': 1, 'ss_params': {'n_dim': 2, 'simplex_sampling': 'random', 'within_simplex_sampling': 'random', 'gaussian_component': {}}, 'random_state': 5, 'class_name': 'SMOTE'}")
2025-04-03 21:19:46,992 INFO: NearestNeighborsWithMetricTensor: NN fitting with metric minkowski
2025-04-03 21:19:47,009 INFO: NearestNeighborsWithMetricTensor: kneighbors query minkowski
2025-04-03 21:19:48,541 INFO: SMOTE: simplex sampling with n_dim 2
2025-04-03 21:19:49,875 INFO: TomekLinkRemoval: Running noise removal.
2025-04-03 21:19:49,996 INFO: NearestNeighborsWithMetricTensor: NN fitting with metric minkowski
2025-04-03 21:19:58,833 INFO: NearestNeighborsWithMetricTensor: kneighbors query minkowski
2025-04-04 11:55:45,954 INFO: SMOTE_TomekLinks: Resampled distribution: (array([0, 1, 2, 3]), array([607239, 607398, 607384, 607398]))
2025-04-04 11:56:18,332 INFO: SMOTE_TomekLinks - Logistic Regression: Accuracy: 0.7262, Micro-average F1: 0.7262
2025-04-04 11:56:18,332 INFO: Classification Report:
              precision    recall  f1-score   support

           0       0.09      0.49      0.15      4550
           1       0.52      0.69      0.59     81490
           2       0.25      0.32      0.28     11174
           3       0.94      0.76      0.84    260314

    accuracy                           0.73    357528
   macro avg       0.45      0.56      0.47    357528
weighted avg       0.81      0.73      0.76    357528

2025-04-04 11:58:05,065 INFO: SMOTE_TomekLinks - Random Forest: Accuracy: 0.7226, Micro-average F1: 0.7226
2025-04-04 11:58:05,065 INFO: Classification Report:
              precision    recall  f1-score   support

           0       0.08      0.49      0.14      4550
           1       0.52      0.70      0.60     81490
           2       0.24      0.32      0.28     11174
           3       0.94      0.75      0.84    260314

    accuracy                           0.72    357528
   macro avg       0.45      0.57      0.46    357528
weighted avg       0.82      0.72      0.76    357528

2025-04-04 11:58:05,066 INFO: Evaluating oversampling method: SMOTE_Cosine
2025-04-04 11:58:05,066 INFO: MulticlassOversampling: Running multiclass oversampling with strategy eq_1_vs_many_successive
2025-04-04 11:58:05,091 INFO: MulticlassOversampling: Sampling minority class with label: 1
2025-04-04 11:58:05,104 INFO: SMOTE_Cosine: Running sampling via ('SMOTE_Cosine', "{'proportion': 1.0, 'n_neighbors': 5, 'n_jobs': 1, 'random_state': 5, 'class_name': 'SMOTE_Cosine'}")
2025-04-11 01:10:46,155 INFO: Evaluating oversampling method: SMOTE
2025-04-11 01:10:46,156 INFO: MulticlassOversampling: Running multiclass oversampling with strategy eq_1_vs_many_successive
2025-04-11 01:10:46,180 INFO: MulticlassOversampling: Sampling minority class with label: 1
2025-04-11 01:10:46,194 INFO: SMOTE: Running sampling via ('SMOTE', "{'proportion': 1.0, 'n_neighbors': 5, 'nn_params': {}, 'n_jobs': 1, 'ss_params': {'n_dim': 2, 'simplex_sampling': 'random', 'within_simplex_sampling': 'random', 'gaussian_component': {}}, 'random_state': 5, 'class_name': 'SMOTE'}")
2025-04-11 01:10:46,225 INFO: NearestNeighborsWithMetricTensor: NN fitting with metric minkowski
2025-04-11 01:10:46,641 INFO: NearestNeighborsWithMetricTensor: kneighbors query minkowski
2025-04-11 01:20:09,664 INFO: SMOTE: simplex sampling with n_dim 2
2025-04-11 01:20:10,766 INFO: MulticlassOversampling: Sampling minority class with label: 2
2025-04-11 01:20:10,810 INFO: SMOTE: Running sampling via ('SMOTE', "{'proportion': 0.48903318939736173, 'n_neighbors': 5, 'nn_params': {}, 'n_jobs': 1, 'ss_params': {'n_dim': 2, 'simplex_sampling': 'random', 'within_simplex_sampling': 'random', 'gaussian_component': {}}, 'random_state': 5, 'class_name': 'SMOTE'}")
2025-04-11 01:20:10,863 INFO: NearestNeighborsWithMetricTensor: NN fitting with metric minkowski
2025-04-11 01:20:10,904 INFO: NearestNeighborsWithMetricTensor: kneighbors query minkowski
2025-04-11 01:20:19,550 INFO: SMOTE: simplex sampling with n_dim 2
2025-04-11 01:20:20,904 INFO: MulticlassOversampling: Sampling minority class with label: 0
2025-04-11 01:20:20,967 INFO: SMOTE: Running sampling via ('SMOTE', "{'proportion': 0.32942661039160337, 'n_neighbors': 5, 'nn_params': {}, 'n_jobs': 1, 'ss_params': {'n_dim': 2, 'simplex_sampling': 'random', 'within_simplex_sampling': 'random', 'gaussian_component': {}}, 'random_state': 5, 'class_name': 'SMOTE'}")
2025-04-11 01:20:21,051 INFO: NearestNeighborsWithMetricTensor: NN fitting with metric minkowski
2025-04-11 01:20:21,067 INFO: NearestNeighborsWithMetricTensor: kneighbors query minkowski
2025-04-11 01:20:22,540 INFO: SMOTE: simplex sampling with n_dim 2
2025-04-11 01:20:24,112 INFO: SMOTE: Resampled distribution: (array([0, 1, 2, 3]), array([607398, 607398, 607398, 607398]))
2025-04-11 01:20:56,341 INFO: SMOTE - Logistic Regression: Accuracy: 0.7262, Micro-average F1: 0.7262
2025-04-11 01:20:56,342 INFO: Classification Report:
              precision    recall  f1-score   support

           0       0.09      0.49      0.15      4550
           1       0.52      0.69      0.59     81490
           2       0.25      0.32      0.28     11174
           3       0.94      0.76      0.84    260314

    accuracy                           0.73    357528
   macro avg       0.45      0.56      0.47    357528
weighted avg       0.81      0.73      0.76    357528

2025-04-11 01:22:50,555 INFO: SMOTE - Random Forest: Accuracy: 0.7226, Micro-average F1: 0.7226
2025-04-11 01:22:50,555 INFO: Classification Report:
              precision    recall  f1-score   support

           0       0.08      0.49      0.14      4550
           1       0.52      0.70      0.60     81490
           2       0.24      0.32      0.28     11174
           3       0.94      0.75      0.84    260314

    accuracy                           0.72    357528
   macro avg       0.45      0.57      0.46    357528
weighted avg       0.82      0.72      0.76    357528

2025-04-11 01:22:50,556 INFO: Evaluating oversampling method: distance_SMOTE
2025-04-11 01:22:50,556 INFO: MulticlassOversampling: Running multiclass oversampling with strategy eq_1_vs_many_successive
2025-04-11 01:22:50,580 INFO: MulticlassOversampling: Sampling minority class with label: 1
2025-04-11 01:22:50,593 INFO: distance_SMOTE: Running sampling via ('distance_SMOTE', "{'proportion': 1.0, 'n_neighbors': 5, 'nn_params': {}, 'n_jobs': 1, 'ss_params': {'n_dim': 2, 'simplex_sampling': 'random', 'within_simplex_sampling': 'random', 'gaussian_component': {}}, 'random_state': 5, 'class_name': 'distance_SMOTE'}")
2025-04-11 01:22:50,622 INFO: NearestNeighborsWithMetricTensor: NN fitting with metric minkowski
2025-04-11 01:22:51,039 INFO: NearestNeighborsWithMetricTensor: kneighbors query minkowski
2025-04-11 01:32:14,416 INFO: distance_SMOTE: simplex sampling with n_dim 2
2025-04-11 01:32:14,837 INFO: MulticlassOversampling: Sampling minority class with label: 2
2025-04-11 01:32:14,880 INFO: distance_SMOTE: Running sampling via ('distance_SMOTE', "{'proportion': 0.48903318939736173, 'n_neighbors': 5, 'nn_params': {}, 'n_jobs': 1, 'ss_params': {'n_dim': 2, 'simplex_sampling': 'random', 'within_simplex_sampling': 'random', 'gaussian_component': {}}, 'random_state': 5, 'class_name': 'distance_SMOTE'}")
2025-04-11 01:32:14,932 INFO: NearestNeighborsWithMetricTensor: NN fitting with metric minkowski
2025-04-11 01:32:14,973 INFO: NearestNeighborsWithMetricTensor: kneighbors query minkowski
2025-04-11 01:32:23,640 INFO: distance_SMOTE: simplex sampling with n_dim 2
2025-04-11 01:32:24,094 INFO: MulticlassOversampling: Sampling minority class with label: 0
2025-04-11 01:32:24,154 INFO: distance_SMOTE: Running sampling via ('distance_SMOTE', "{'proportion': 0.32942661039160337, 'n_neighbors': 5, 'nn_params': {}, 'n_jobs': 1, 'ss_params': {'n_dim': 2, 'simplex_sampling': 'random', 'within_simplex_sampling': 'random', 'gaussian_component': {}}, 'random_state': 5, 'class_name': 'distance_SMOTE'}")
2025-04-11 01:32:24,241 INFO: NearestNeighborsWithMetricTensor: NN fitting with metric minkowski
2025-04-11 01:32:24,257 INFO: NearestNeighborsWithMetricTensor: kneighbors query minkowski
2025-04-11 01:32:25,733 INFO: distance_SMOTE: simplex sampling with n_dim 2
2025-04-11 01:32:26,378 INFO: distance_SMOTE: Resampled distribution: (array([0, 1, 2, 3]), array([607398, 607398, 607398, 607398]))
2025-04-11 01:32:58,172 INFO: distance_SMOTE - Logistic Regression: Accuracy: 0.7262, Micro-average F1: 0.7262
2025-04-11 01:32:58,173 INFO: Classification Report:
              precision    recall  f1-score   support

           0       0.09      0.49      0.15      4550
           1       0.52      0.69      0.59     81490
           2       0.25      0.32      0.28     11174
           3       0.94      0.76      0.84    260314

    accuracy                           0.73    357528
   macro avg       0.45      0.56      0.47    357528
weighted avg       0.81      0.73      0.76    357528

2025-04-11 01:34:51,805 INFO: distance_SMOTE - Random Forest: Accuracy: 0.7226, Micro-average F1: 0.7226
2025-04-11 01:34:51,806 INFO: Classification Report:
              precision    recall  f1-score   support

           0       0.08      0.49      0.14      4550
           1       0.52      0.70      0.60     81490
           2       0.24      0.32      0.28     11174
           3       0.94      0.75      0.84    260314

    accuracy                           0.72    357528
   macro avg       0.45      0.57      0.46    357528
weighted avg       0.82      0.72      0.76    357528

2025-04-11 01:34:51,806 INFO: Evaluating oversampling method: Borderline_SMOTE1
2025-04-11 01:34:51,806 INFO: MulticlassOversampling: Running multiclass oversampling with strategy eq_1_vs_many_successive
2025-04-11 01:34:51,830 INFO: MulticlassOversampling: Sampling minority class with label: 1
2025-04-11 01:34:51,843 INFO: Borderline_SMOTE1: Running sampling via ('Borderline_SMOTE1', "{'proportion': 1.0, 'n_neighbors': 5, 'k_neighbors': 5, 'nn_params': {}, 'n_jobs': 1, 'ss_params': {'n_dim': 2, 'simplex_sampling': 'random', 'within_simplex_sampling': 'random', 'gaussian_component': {}}, 'random_state': 5, 'class_name': 'Borderline_SMOTE1'}")
2025-04-11 01:34:51,873 INFO: NearestNeighborsWithMetricTensor: NN fitting with metric minkowski
2025-04-11 01:34:54,119 INFO: NearestNeighborsWithMetricTensor: kneighbors query minkowski
2025-04-11 02:04:07,518 INFO: NearestNeighborsWithMetricTensor: NN fitting with metric minkowski
2025-04-11 02:04:07,519 INFO: NearestNeighborsWithMetricTensor: kneighbors query minkowski
2025-04-11 02:04:07,520 INFO: Borderline_SMOTE1: simplex sampling with n_dim 2
2025-04-11 02:04:08,433 INFO: MulticlassOversampling: Sampling minority class with label: 2
2025-04-11 02:04:08,476 INFO: Borderline_SMOTE1: Running sampling via ('Borderline_SMOTE1', "{'proportion': 0.48903318939736173, 'n_neighbors': 5, 'k_neighbors': 5, 'nn_params': {}, 'n_jobs': 1, 'ss_params': {'n_dim': 2, 'simplex_sampling': 'random', 'within_simplex_sampling': 'random', 'gaussian_component': {}}, 'random_state': 5, 'class_name': 'Borderline_SMOTE1'}")
2025-04-11 02:04:08,527 INFO: NearestNeighborsWithMetricTensor: NN fitting with metric minkowski
2025-04-11 02:04:12,452 INFO: NearestNeighborsWithMetricTensor: kneighbors query minkowski
2025-04-11 02:07:47,784 INFO: NearestNeighborsWithMetricTensor: NN fitting with metric minkowski
2025-04-11 02:07:47,785 INFO: NearestNeighborsWithMetricTensor: kneighbors query minkowski
2025-04-11 02:07:47,864 INFO: Borderline_SMOTE1: simplex sampling with n_dim 2
2025-04-11 02:07:49,248 INFO: MulticlassOversampling: Sampling minority class with label: 0
2025-04-11 02:07:49,310 INFO: Borderline_SMOTE1: Running sampling via ('Borderline_SMOTE1', "{'proportion': 0.32942661039160337, 'n_neighbors': 5, 'k_neighbors': 5, 'nn_params': {}, 'n_jobs': 1, 'ss_params': {'n_dim': 2, 'simplex_sampling': 'random', 'within_simplex_sampling': 'random', 'gaussian_component': {}}, 'random_state': 5, 'class_name': 'Borderline_SMOTE1'}")
2025-04-11 02:07:49,391 INFO: NearestNeighborsWithMetricTensor: NN fitting with metric minkowski
2025-04-11 02:07:55,760 INFO: NearestNeighborsWithMetricTensor: kneighbors query minkowski
2025-04-11 02:08:57,443 INFO: NearestNeighborsWithMetricTensor: NN fitting with metric minkowski
2025-04-11 02:08:57,444 INFO: NearestNeighborsWithMetricTensor: kneighbors query minkowski
2025-04-11 02:08:57,445 INFO: Borderline_SMOTE1: simplex sampling with n_dim 2
2025-04-11 02:08:58,934 INFO: Borderline_SMOTE1: Resampled distribution: (array([0, 1, 2, 3]), array([607398, 607398, 607398, 607398]))
2025-04-11 02:10:03,965 INFO: Borderline_SMOTE1 - Logistic Regression: Accuracy: 0.7575, Micro-average F1: 0.7575
2025-04-11 02:10:03,965 INFO: Classification Report:
              precision    recall  f1-score   support

           0       0.03      0.01      0.02      4550
           1       0.51      0.77      0.61     81490
           2       0.30      0.04      0.07     11174
           3       0.90      0.80      0.85    260314

    accuracy                           0.76    357528
   macro avg       0.43      0.41      0.39    357528
weighted avg       0.78      0.76      0.76    357528

2025-04-11 02:12:54,446 INFO: Borderline_SMOTE1 - Random Forest: Accuracy: 0.7689, Micro-average F1: 0.7689
2025-04-11 02:12:54,447 INFO: Classification Report:
              precision    recall  f1-score   support

           0       0.75      0.00      0.00      4550
           1       0.54      0.58      0.56     81490
           2       0.34      0.03      0.06     11174
           3       0.84      0.87      0.86    260314

    accuracy                           0.77    357528
   macro avg       0.62      0.37      0.37    357528
weighted avg       0.76      0.77      0.75    357528

2025-04-11 02:12:54,447 INFO: Evaluating oversampling method: ADASYN
2025-04-11 02:12:54,447 INFO: MulticlassOversampling: Running multiclass oversampling with strategy eq_1_vs_many_successive
2025-04-11 02:12:54,472 INFO: MulticlassOversampling: Sampling minority class with label: 1
2025-04-11 02:12:54,486 INFO: ADASYN: Running sampling via ('ADASYN', "{'n_neighbors': 5, 'd_th': 0.9, 'beta': 1.0, 'nn_params': {}, 'n_jobs': 1, 'proportion': 1.0, 'ss_params': {'n_dim': 2, 'simplex_sampling': 'random', 'within_simplex_sampling': 'random', 'gaussian_component': {}}, 'random_state': 5, 'class_name': 'ADASYN'}")
2025-04-11 02:12:54,516 INFO: NearestNeighborsWithMetricTensor: NN fitting with metric minkowski
2025-04-11 02:12:56,759 INFO: NearestNeighborsWithMetricTensor: kneighbors query minkowski
2025-04-11 02:42:21,186 INFO: NearestNeighborsWithMetricTensor: NN fitting with metric minkowski
2025-04-11 02:42:21,598 INFO: NearestNeighborsWithMetricTensor: kneighbors query minkowski
2025-04-11 02:51:44,615 INFO: ADASYN: simplex sampling with n_dim 2
2025-04-11 02:51:45,717 INFO: MulticlassOversampling: Sampling minority class with label: 2
2025-04-11 02:51:45,761 INFO: ADASYN: Running sampling via ('ADASYN', "{'n_neighbors': 5, 'd_th': 0.9, 'beta': 0.48903318939736173, 'nn_params': {}, 'n_jobs': 1, 'proportion': 0.48903318939736173, 'ss_params': {'n_dim': 2, 'simplex_sampling': 'random', 'within_simplex_sampling': 'random', 'gaussian_component': {}}, 'random_state': 5, 'class_name': 'ADASYN'}")
2025-04-11 02:51:45,821 INFO: NearestNeighborsWithMetricTensor: NN fitting with metric minkowski
2025-04-11 02:51:49,662 INFO: NearestNeighborsWithMetricTensor: kneighbors query minkowski
2025-04-11 02:56:48,505 INFO: NearestNeighborsWithMetricTensor: NN fitting with metric minkowski
2025-04-11 02:56:48,546 INFO: NearestNeighborsWithMetricTensor: kneighbors query minkowski
2025-04-11 02:56:57,254 INFO: ADASYN: simplex sampling with n_dim 2
2025-04-11 02:56:58,611 INFO: MulticlassOversampling: Sampling minority class with label: 0
2025-04-11 02:56:58,676 INFO: ADASYN: Running sampling via ('ADASYN', "{'n_neighbors': 5, 'd_th': 0.9, 'beta': 0.32942661039160337, 'nn_params': {}, 'n_jobs': 1, 'proportion': 0.32942661039160337, 'ss_params': {'n_dim': 2, 'simplex_sampling': 'random', 'within_simplex_sampling': 'random', 'gaussian_component': {}}, 'random_state': 5, 'class_name': 'ADASYN'}")
2025-04-11 02:56:58,759 INFO: NearestNeighborsWithMetricTensor: NN fitting with metric minkowski
2025-04-11 02:57:04,584 INFO: NearestNeighborsWithMetricTensor: kneighbors query minkowski
2025-04-11 02:59:42,586 INFO: NearestNeighborsWithMetricTensor: NN fitting with metric minkowski
2025-04-11 02:59:42,602 INFO: NearestNeighborsWithMetricTensor: kneighbors query minkowski
2025-04-11 02:59:44,086 INFO: ADASYN: simplex sampling with n_dim 2
2025-04-11 02:59:45,655 INFO: ADASYN: Resampled distribution: (array([0, 1, 2, 3]), array([607398, 607398, 607398, 607398]))
2025-04-11 03:00:21,650 INFO: ADASYN - Logistic Regression: Accuracy: 0.7262, Micro-average F1: 0.7262
2025-04-11 03:00:21,650 INFO: Classification Report:
              precision    recall  f1-score   support

           0       0.09      0.49      0.15      4550
           1       0.52      0.69      0.59     81490
           2       0.25      0.32      0.28     11174
           3       0.94      0.76      0.84    260314

    accuracy                           0.73    357528
   macro avg       0.45      0.56      0.47    357528
weighted avg       0.81      0.73      0.76    357528

2025-04-11 03:02:16,099 INFO: ADASYN - Random Forest: Accuracy: 0.7220, Micro-average F1: 0.7220
2025-04-11 03:02:16,099 INFO: Classification Report:
              precision    recall  f1-score   support

           0       0.08      0.49      0.14      4550
           1       0.52      0.70      0.60     81490
           2       0.24      0.32      0.28     11174
           3       0.94      0.75      0.84    260314

    accuracy                           0.72    357528
   macro avg       0.45      0.57      0.46    357528
weighted avg       0.82      0.72      0.76    357528

2025-04-11 03:02:16,100 INFO: Evaluating oversampling method: MWMOTE
2025-04-11 03:02:16,100 INFO: MulticlassOversampling: Running multiclass oversampling with strategy eq_1_vs_many_successive
2025-04-11 03:02:16,124 INFO: MulticlassOversampling: Sampling minority class with label: 1
2025-04-11 03:02:16,138 INFO: MWMOTE: Running sampling via ('MWMOTE', "{'proportion': 1.0, 'k1': 5, 'k2': 5, 'k3': 5, 'M': 10, 'cf_th': 5.0, 'cmax': 10.0, 'nn_params': {}, 'n_jobs': 1, 'ss_params': {'n_dim': 2, 'simplex_sampling': 'random', 'within_simplex_sampling': 'random', 'gaussian_component': {}}, 'random_state': 5, 'class_name': 'MWMOTE'}")
2025-04-11 03:02:16,169 INFO: NearestNeighborsWithMetricTensor: NN fitting with metric minkowski
2025-04-11 03:02:18,414 INFO: NearestNeighborsWithMetricTensor: kneighbors query minkowski
2025-04-11 05:53:41,231 INFO: NearestNeighborsWithMetricTensor: NN fitting with metric minkowski
2025-04-11 05:53:42,920 INFO: NearestNeighborsWithMetricTensor: kneighbors query minkowski
2025-04-11 05:53:43,074 INFO: NearestNeighborsWithMetricTensor: NN fitting with metric minkowski
2025-04-11 05:53:43,495 INFO: NearestNeighborsWithMetricTensor: kneighbors query minkowski
2025-04-11 05:53:43,541 INFO: MWMOTE: computing closeness factors
2025-04-11 05:53:43,541 ERROR: Error with MWMOTE: numpy boolean subtract, the `-` operator, is not supported, use the bitwise_xor, the `^` operator, or the logical_xor function instead.
2025-04-11 05:53:43,541 INFO: Evaluating oversampling method: kmeans_SMOTE
2025-04-11 05:53:43,541 INFO: MulticlassOversampling: Running multiclass oversampling with strategy eq_1_vs_many_successive
2025-04-11 05:53:43,566 INFO: MulticlassOversampling: Sampling minority class with label: 1
2025-04-11 05:53:43,579 INFO: kmeans_SMOTE: Running sampling via ('kmeans_SMOTE', "{'proportion': 1.0, 'n_neighbors': 5, 'nn_params': {}, 'n_clusters': 10, 'irt': 2.0, 'n_jobs': 1, 'ss_params': {'n_dim': 2, 'simplex_sampling': 'random', 'within_simplex_sampling': 'random', 'gaussian_component': {}}, 'random_state': 5, 'class_name': 'kmeans_SMOTE'}")
2025-04-11 05:53:44,432 ERROR: Error with kmeans_SMOTE: numpy boolean subtract, the `-` operator, is not supported, use the bitwise_xor, the `^` operator, or the logical_xor function instead.
2025-04-11 05:53:44,432 INFO: Evaluating oversampling method: Supervised_SMOTE
2025-04-11 05:53:44,432 INFO: MulticlassOversampling: Running multiclass oversampling with strategy eq_1_vs_many_successive
2025-04-11 05:53:44,456 INFO: MulticlassOversampling: Sampling minority class with label: 1
2025-04-11 05:53:44,469 INFO: Supervised_SMOTE: Running sampling via ('Supervised_SMOTE', "{'proportion': 1.0, 'th_lower': 0.5, 'th_upper': 1.0, 'classifier': ('sklearn.ensemble', 'RandomForestClassifier', {'n_estimators': 50, 'n_jobs': 1, 'random_state': 5}), 'n_jobs': 1, 'ss_params': {'n_dim': 2, 'simplex_sampling': 'random', 'within_simplex_sampling': 'random', 'gaussian_component': {}}, 'random_state': 5, 'class_name': 'Supervised_SMOTE'}")
2025-04-11 05:53:56,958 ERROR: Error with Supervised_SMOTE: Unable to allocate 269. GiB for an array with shape (190144, 190144) and data type int64
2025-04-11 05:53:56,958 INFO: Evaluating oversampling method: SMOTE_TomekLinks
2025-04-11 05:53:56,959 INFO: MulticlassOversampling: Running multiclass oversampling with strategy eq_1_vs_many_successive
2025-04-11 05:53:56,990 INFO: MulticlassOversampling: Sampling minority class with label: 1
2025-04-11 05:53:57,008 INFO: SMOTE_TomekLinks: Running sampling via ('SMOTE_TomekLinks', "{'proportion': 1.0, 'n_neighbors': 5, 'nn_params': {}, 'ss_params': {'n_dim': 2, 'simplex_sampling': 'random', 'within_simplex_sampling': 'random', 'gaussian_component': None}, 'n_jobs': 1, 'random_state': 5, 'class_name': 'SMOTE_TomekLinks'}")
2025-04-11 05:53:57,033 INFO: SMOTE: Running sampling via ('SMOTE', "{'proportion': 1.0, 'n_neighbors': 5, 'nn_params': {'metric_tensor': None}, 'n_jobs': 1, 'ss_params': {'n_dim': 2, 'simplex_sampling': 'random', 'within_simplex_sampling': 'random', 'gaussian_component': {}}, 'random_state': 5, 'class_name': 'SMOTE'}")
2025-04-11 05:53:57,063 INFO: NearestNeighborsWithMetricTensor: NN fitting with metric minkowski
2025-04-11 05:53:57,475 INFO: NearestNeighborsWithMetricTensor: kneighbors query minkowski
2025-04-11 06:03:20,257 INFO: SMOTE: simplex sampling with n_dim 2
2025-04-11 06:03:21,283 INFO: TomekLinkRemoval: Running noise removal.
2025-04-11 06:03:21,288 INFO: NearestNeighborsWithMetricTensor: NN fitting with metric minkowski
2025-04-11 06:03:24,999 INFO: NearestNeighborsWithMetricTensor: kneighbors query minkowski
2025-04-11 11:05:32,881 INFO: MulticlassOversampling: Sampling minority class with label: 2
2025-04-11 11:05:32,924 INFO: SMOTE_TomekLinks: Running sampling via ('SMOTE_TomekLinks', "{'proportion': 0.48903318939736173, 'n_neighbors': 5, 'nn_params': {}, 'ss_params': {'n_dim': 2, 'simplex_sampling': 'random', 'within_simplex_sampling': 'random', 'gaussian_component': None}, 'n_jobs': 1, 'random_state': 5, 'class_name': 'SMOTE_TomekLinks'}")
2025-04-11 11:05:32,973 INFO: SMOTE: Running sampling via ('SMOTE', "{'proportion': 0.48903318939736173, 'n_neighbors': 5, 'nn_params': {'metric_tensor': None}, 'n_jobs': 1, 'ss_params': {'n_dim': 2, 'simplex_sampling': 'random', 'within_simplex_sampling': 'random', 'gaussian_component': {}}, 'random_state': 5, 'class_name': 'SMOTE'}")
2025-04-11 11:05:33,026 INFO: NearestNeighborsWithMetricTensor: NN fitting with metric minkowski
2025-04-11 11:05:33,067 INFO: NearestNeighborsWithMetricTensor: kneighbors query minkowski
2025-04-11 11:05:41,720 INFO: SMOTE: simplex sampling with n_dim 2
2025-04-11 11:05:42,964 INFO: TomekLinkRemoval: Running noise removal.
2025-04-11 11:05:43,056 INFO: NearestNeighborsWithMetricTensor: NN fitting with metric minkowski
2025-04-11 11:05:48,837 INFO: NearestNeighborsWithMetricTensor: kneighbors query minkowski
2025-04-11 20:12:28,203 INFO: MulticlassOversampling: Sampling minority class with label: 0
2025-04-11 20:12:28,933 INFO: SMOTE_TomekLinks: Running sampling via ('SMOTE_TomekLinks', "{'proportion': 0.32942661039160337, 'n_neighbors': 5, 'nn_params': {}, 'ss_params': {'n_dim': 2, 'simplex_sampling': 'random', 'within_simplex_sampling': 'random', 'gaussian_component': None}, 'n_jobs': 1, 'random_state': 5, 'class_name': 'SMOTE_TomekLinks'}")
2025-04-11 20:12:29,127 INFO: SMOTE: Running sampling via ('SMOTE', "{'proportion': 0.32942661039160337, 'n_neighbors': 5, 'nn_params': {'metric_tensor': None}, 'n_jobs': 1, 'ss_params': {'n_dim': 2, 'simplex_sampling': 'random', 'within_simplex_sampling': 'random', 'gaussian_component': {}}, 'random_state': 5, 'class_name': 'SMOTE'}")
2025-04-11 20:12:29,225 INFO: NearestNeighborsWithMetricTensor: NN fitting with metric minkowski
2025-04-11 20:12:29,296 INFO: NearestNeighborsWithMetricTensor: kneighbors query minkowski
2025-04-11 20:12:30,840 INFO: SMOTE: simplex sampling with n_dim 2
2025-04-11 20:12:32,544 INFO: TomekLinkRemoval: Running noise removal.
2025-04-11 20:12:32,662 INFO: NearestNeighborsWithMetricTensor: NN fitting with metric minkowski
2025-04-11 20:12:41,155 INFO: NearestNeighborsWithMetricTensor: kneighbors query minkowski
2025-04-12 10:41:08,306 INFO: SMOTE_TomekLinks: Resampled distribution: (array([0, 1, 2, 3]), array([607239, 607398, 607384, 607398]))
2025-04-12 10:41:40,147 INFO: SMOTE_TomekLinks - Logistic Regression: Accuracy: 0.7262, Micro-average F1: 0.7262
2025-04-12 10:41:40,147 INFO: Classification Report:
              precision    recall  f1-score   support

           0       0.09      0.49      0.15      4550
           1       0.52      0.69      0.59     81490
           2       0.25      0.32      0.28     11174
           3       0.94      0.76      0.84    260314

    accuracy                           0.73    357528
   macro avg       0.45      0.56      0.47    357528
weighted avg       0.81      0.73      0.76    357528

2025-04-12 10:43:26,552 INFO: SMOTE_TomekLinks - Random Forest: Accuracy: 0.7226, Micro-average F1: 0.7226
2025-04-12 10:43:26,552 INFO: Classification Report:
              precision    recall  f1-score   support

           0       0.08      0.49      0.14      4550
           1       0.52      0.70      0.60     81490
           2       0.24      0.32      0.28     11174
           3       0.94      0.75      0.84    260314

    accuracy                           0.72    357528
   macro avg       0.45      0.57      0.46    357528
weighted avg       0.82      0.72      0.76    357528

2025-04-12 10:43:26,557 INFO: Evaluating oversampling method: SMOTE_Cosine
2025-04-12 10:43:26,561 INFO: MulticlassOversampling: Running multiclass oversampling with strategy eq_1_vs_many_successive
2025-04-12 10:43:26,586 INFO: MulticlassOversampling: Sampling minority class with label: 1
2025-04-12 10:43:26,603 INFO: SMOTE_Cosine: Running sampling via ('SMOTE_Cosine', "{'proportion': 1.0, 'n_neighbors': 5, 'n_jobs': 1, 'random_state': 5, 'class_name': 'SMOTE_Cosine'}")
